<?xml version="1.0" encoding="UTF-8"?>
<!-- Generated by org.testng.reporters.JUnitReportReporter -->
<testsuite hostname="Y6FY0CN7TN-nagarajans" failures="0" tests="3" name="com.test.pilotPollingFormTest" time="19.833" errors="0" timestamp="2024-06-24T14:43:15 IST" skipped="0">
  <testcase classname="com.test.pilotPollingFormTest" name="loginToSwapaApp" time="5.082"/>
  <testcase classname="com.test.pilotPollingFormTest" name="navigateToPilotPoling" time="13.737"/>
  <testcase classname="com.test.pilotPollingFormTest" name="fillPilotPollingForm" time="1.014"/>
</testsuite> <!-- com.test.pilotPollingFormTest -->
