<?xml version="1.0" encoding="UTF-8"?>
<!-- Generated by org.testng.reporters.JUnitReportReporter -->
<testsuite hostname="Y6FY0CN7TN-nagarajans" failures="0" tests="3" name="com.test.disabilityCalculatorTest" time="19.867" errors="0" timestamp="2024-06-24T14:43:15 IST" skipped="0">
  <testcase classname="com.test.disabilityCalculatorTest" name="navigateToDisabilityCalculator" time="19.317"/>
  <testcase classname="com.test.disabilityCalculatorTest" name="validateMonthlyMbe" time="0.130"/>
  <testcase classname="com.test.disabilityCalculatorTest" name="validateSickBankTpf" time="0.420"/>
</testsuite> <!-- com.test.disabilityCalculatorTest -->
